<?xml version="1.0" encoding="UTF-8"?>
<!-- Generated by org.testng.reporters.JUnitXMLReporter -->
<testsuite ignored="0" hostname="FCP-0019519-L" failures="0" tests="3" name="Default test" time="18.948" errors="0" timestamp="2021-08-19T17:58:55 IST">
  <testcase classname="Guru99Practice.LoginTest" name="validloginTest" time="7.685"/>
  <testcase classname="Guru99Practice.LoginTest" name="invalidUsernameLoginTest" time="5.557"/>
  <testcase classname="Guru99Practice.LoginTest" name="invalidPasswordLoginTest" time="4.732"/>
</testsuite> <!-- Default test -->
