<?xml version="1.0" encoding="UTF-8"?>
<testng-results ignored="0" total="2" passed="2" failed="0" skipped="0">
  <reporter-output>
  </reporter-output>
  <suite started-at="2021-08-09T18:14:44 IST" name="Default suite" finished-at="2021-08-09T18:14:57 IST" duration-ms="12633">
    <groups>
    </groups>
    <test started-at="2021-08-09T18:14:44 IST" name="Default test" finished-at="2021-08-09T18:14:57 IST" duration-ms="12633">
      <class name="TestNGPractice.phpTravelsLogin">
        <test-method signature="Register()[pri:0, instance:TestNGPractice.phpTravelsLogin@359f7cdf]" started-at="2021-08-09T18:14:44 IST" name="Register" finished-at="2021-08-09T18:14:57 IST" duration-ms="12593" status="PASS">
          <reporter-output>
          </reporter-output>
        </test-method> <!-- Register -->
        <test-method signature="verifyEmailAndPaswrdExiss()[pri:0, instance:TestNGPractice.phpTravelsLogin@359f7cdf]" started-at="2021-08-09T18:14:57 IST" name="verifyEmailAndPaswrdExiss" finished-at="2021-08-09T18:14:57 IST" duration-ms="1" status="PASS">
          <reporter-output>
          </reporter-output>
        </test-method> <!-- verifyEmailAndPaswrdExiss -->
      </class> <!-- TestNGPractice.phpTravelsLogin -->
    </test> <!-- Default test -->
  </suite> <!-- Default suite -->
</testng-results>
